使用GPU训练: NVIDIA A40
模型将保存到: ./result/maskrcnn_2025-07-29_04-56-10
========== 数据加载开始 ==========
loading annotations into memory...
Traceback (most recent call last):
  File "/home/lishengjie/study/sum_jiahao/bupt_summer/mask-r-cnn/torchvision/train.py", line 316, in <module>
    main(args)
  File "/home/lishengjie/study/sum_jiahao/bupt_summer/mask-r-cnn/torchvision/train.py", line 166, in main
    dataset = CocoInstanceDataset(
  File "/home/lishengjie/study/sum_jiahao/bupt_summer/mask-r-cnn/torchvision/dataset_coco.py", line 28, in __init__
    super(CocoInstanceDataset, self).__init__(img_folder, ann_file)
  File "/home/lishengjie/miniconda3/envs/mask_rcnn/lib/python3.10/site-packages/torchvision/datasets/coco.py", line 36, in __init__
    self.coco = COCO(annFile)
  File "/home/lishengjie/miniconda3/envs/mask_rcnn/lib/python3.10/site-packages/pycocotools/coco.py", line 82, in __init__
    dataset = json.load(f)
  File "/home/lishengjie/miniconda3/envs/mask_rcnn/lib/python3.10/json/__init__.py", line 293, in load
    return loads(fp.read(),
  File "/home/lishengjie/miniconda3/envs/mask_rcnn/lib/python3.10/json/__init__.py", line 346, in loads
    return _default_decoder.decode(s)
  File "/home/lishengjie/miniconda3/envs/mask_rcnn/lib/python3.10/json/decoder.py", line 337, in decode
    obj, end = self.raw_decode(s, idx=_w(s, 0).end())
  File "/home/lishengjie/miniconda3/envs/mask_rcnn/lib/python3.10/json/decoder.py", line 353, in raw_decode
    obj, end = self.scan_once(s, idx)
KeyboardInterrupt
