使用GPU训练: NVIDIA A40
模型将保存到: ./result/maskrcnn_2025-07-26_06-16-53
========== 数据加载开始 ==========
loading annotations into memory...
Done (t=11.53s)
creating index...
index created!
训练集大小: 117266 张图像
loading annotations into memory...
Done (t=0.37s)
creating index...
index created!
验证集大小: 4952 张图像
========== 模型构建开始 ==========
/home/lishengjie/miniconda3/envs/mask_rcnn/lib/python3.10/site-packages/torchvision/models/_utils.py:208: UserWarning: The parameter 'pretrained' is deprecated since 0.13 and may be removed in the future, please use 'weights' instead.
  warnings.warn(
/home/lishengjie/miniconda3/envs/mask_rcnn/lib/python3.10/site-packages/torchvision/models/_utils.py:223: UserWarning: Arguments other than a weight enum or `None` for 'weights' are deprecated since 0.13 and may be removed in the future. The current behavior is equivalent to passing `weights=MaskRCNN_ResNet50_FPN_Weights.COCO_V1`. You can also use `weights=MaskRCNN_ResNet50_FPN_Weights.DEFAULT` to get the most up-to-date weights.
  warnings.warn(msg)
模型类别数: 91
========== 优化器设置开始 ==========
初始学习率: 0.005
学习率调度: 在epoch [3, 4] 时衰减为 0.1 倍
========== 开始训练 ==========
训练参数:
  - 批次大小: 6
  - 训练轮数: 3
  - 设备: cuda
  - 输出目录: ./result/maskrcnn_2025-07-26_06-16-53

========== Epoch 1/3 ==========
CUDA_VISIBLE_DEVICES = 3

Epoch: [0]:   0%|                                                         | 0/19545 [00:00<?, ?it/s]
Epoch: [0]:   0%|                               | 0/19545 [00:03<?, ?it/s, loss=6.1392, lr=0.000010]
Epoch: [0]:   0%|                    | 1/19545 [00:03<21:33:38,  3.97s/it, loss=6.1392, lr=0.000010]Epoch: [0]  [    0/19545]  eta: 21:33:45  lr: 0.000010  loss: 6.1392 (6.1392)  loss_classifier: 4.4402 (4.4402)  loss_box_reg: 0.6848 (0.6848)  loss_mask: 0.9245 (0.9245)  loss_objectness: 0.0248 (0.0248)  loss_rpn_box_reg: 0.0649 (0.0649)  time: 3.9717  data: 0.7284  max mem: 8849

Epoch: [0]:   0%|                    | 1/19545 [00:04<21:33:38,  3.97s/it, loss=5.9600, lr=0.000015]
Epoch: [0]:   0%|                    | 2/19545 [00:04<10:55:54,  2.01s/it, loss=5.9600, lr=0.000015]
Epoch: [0]:   0%|                    | 2/19545 [00:05<10:55:54,  2.01s/it, loss=6.1809, lr=0.000020]
Epoch: [0]:   0%|                     | 3/19545 [00:05<7:27:56,  1.38s/it, loss=6.1809, lr=0.000020]
Epoch: [0]:   0%|                     | 3/19545 [00:05<7:27:56,  1.38s/it, loss=5.8837, lr=0.000025]
Epoch: [0]:   0%|                     | 4/19545 [00:05<5:46:00,  1.06s/it, loss=5.8837, lr=0.000025]
Epoch: [0]:   0%|                     | 4/19545 [00:06<5:46:00,  1.06s/it, loss=5.8682, lr=0.000030]
Epoch: [0]:   0%|                     | 5/19545 [00:06<4:57:42,  1.09it/s, loss=5.8682, lr=0.000030]
Epoch: [0]:   0%|                     | 5/19545 [00:07<4:57:42,  1.09it/s, loss=5.9341, lr=0.000035]
Epoch: [0]:   0%|                     | 6/19545 [00:07<4:22:17,  1.24it/s, loss=5.9341, lr=0.000035]
Epoch: [0]:   0%|                     | 6/19545 [00:07<4:22:17,  1.24it/s, loss=5.8578, lr=0.000040]
Epoch: [0]:   0%|                     | 7/19545 [00:07<3:59:38,  1.36it/s, loss=5.8578, lr=0.000040]
Epoch: [0]:   0%|                     | 7/19545 [00:08<3:59:38,  1.36it/s, loss=5.7962, lr=0.000045]
Epoch: [0]:   0%|                     | 8/19545 [00:08<3:44:35,  1.45it/s, loss=5.7962, lr=0.000045]
Epoch: [0]:   0%|                     | 8/19545 [00:08<3:44:35,  1.45it/s, loss=5.8757, lr=0.000050]
Epoch: [0]:   0%|                     | 9/19545 [00:08<3:37:36,  1.50it/s, loss=5.8757, lr=0.000050]
Epoch: [0]:   0%|                     | 9/19545 [00:09<3:37:36,  1.50it/s, loss=6.0011, lr=0.000055]
Epoch: [0]:   0%|                    | 10/19545 [00:09<3:33:48,  1.52it/s, loss=6.0011, lr=0.000055]
Epoch: [0]:   0%|                    | 10/19545 [00:10<3:33:48,  1.52it/s, loss=5.7241, lr=0.000060]
Epoch: [0]:   0%|                    | 11/19545 [00:10<3:28:19,  1.56it/s, loss=5.7241, lr=0.000060]Epoch: [0]  [   10/19545]  eta: 4:58:47  lr: 0.000060  loss: 5.8837 (5.9292)  loss_classifier: 4.4073 (4.4072)  loss_box_reg: 0.6363 (0.6471)  loss_mask: 0.7888 (0.8099)  loss_objectness: 0.0191 (0.0171)  loss_rpn_box_reg: 0.0467 (0.0479)  time: 0.9177  data: 0.0664  max mem: 10131

Epoch: [0]:   0%|                    | 11/19545 [00:10<3:28:19,  1.56it/s, loss=5.7051, lr=0.000065]
Epoch: [0]:   0%|                    | 12/19545 [00:10<3:31:01,  1.54it/s, loss=5.7051, lr=0.000065]
Epoch: [0]:   0%|                    | 12/19545 [00:11<3:31:01,  1.54it/s, loss=5.3218, lr=0.000070]
Epoch: [0]:   0%|                    | 13/19545 [00:11<3:13:28,  1.68it/s, loss=5.3218, lr=0.000070]
Epoch: [0]:   0%|                    | 13/19545 [00:11<3:13:28,  1.68it/s, loss=5.0853, lr=0.000075]
Epoch: [0]:   0%|                    | 14/19545 [00:11<3:07:23,  1.74it/s, loss=5.0853, lr=0.000075]
Epoch: [0]:   0%|              sum_hansf/19545 [00:13<3:07:23,  1.74it/s, loss=5.2010, lr=0.000080]
Epoch: [0]:   0%|                    | 15/19545 [00:13<4:33:27,  1.19it/s, loss=5.2010, lr=0.000080]
Epoch: [0]:   0%|              sum_hansf/19545 [00:13<4:33:27,  1.19it/s, loss=5.0698, lr=0.000085]
Epoch: [0]:   0%|                    | 16/19545 [00:13<4:08:41,  1.31it/s, loss=5.0698, lr=0.000085]
Epoch: [0]:   0%|              sum_hansf/19545 [00:14<4:08:41,  1.31it/s, loss=5.0734, lr=0.000090]
Epoch: [0]:   0%|                    | 17/19545 [00:14<3:58:21,  1.37it/s, loss=5.0734, lr=0.000090]
Epoch: [0]:   0%|              sum_hansf/19545 [00:15<3:58:21,  1.37it/s, loss=4.9980, lr=0.000095]
Epoch: [0]:   0%|                    | 18/19545 [00:15<3:53:32,  1.39it/s, loss=4.9980, lr=0.000095]
Epoch: [0]:   0%|                    | 18/19545 [00:15<3:53:32,  1.39it/s, loss=4.7470, lr=0.000100]
Epoch: [0]:   0%|                    | 19/19545 [00:15<3:39:02,  1.49it/s, loss=4.7470, lr=0.000100]
Epoch: [0]:   0%|                    | 19/19545 [00:16<3:39:02,  1.49it/s, loss=4.1573, lr=0.000105]
Epoch: [0]:   0%|                    | 20/19545 [00:16<3:42:19,  1.46it/s, loss=4.1573, lr=0.000105]
Epoch: [0]:   0%|                    | 20/19545 [00:16<3:42:19,  1.46it/s, loss=4.0085, lr=0.000110]
Epoch: [0]:   0%|                    | 21/19545 [00:16<3:28:35,  1.56it/s, loss=4.0085, lr=0.000110]Epoch: [0]  [   20/19545]  eta: 4:22:53  lr: 0.000110  loss: 5.7051 (5.4566)  loss_classifier: 4.1848 (3.9908)  loss_box_reg: 0.6182 (0.5993)  loss_mask: 0.7873 (0.8059)  loss_objectness: 0.0168 (0.0164)  loss_rpn_box_reg: 0.0416 (0.0442)  time: 0.6497  data: 0.0002  max mem: 12232

Epoch: [0]:   0%|                    | 21/19545 [00:17<3:28:35,  1.56it/s, loss=4.5897, lr=0.000115]
Epoch: [0]:   0%|                    | 22/19545 [00:17<3:15:26,  1.66it/s, loss=4.5897, lr=0.000115]
Epoch: [0]:   0%|                    | 22/19545 [00:18<3:15:26,  1.66it/s, loss=3.9442, lr=0.000120]
Epoch: [0]:   0%|                    | 23/19545 [00:18<3:13:26,  1.68it/s, loss=3.9442, lr=0.000120]
Epoch: [0]:   0%|                    | 23/19545 [00:19<3:13:26,  1.68it/s, loss=3.7731, lr=0.000125]
Epoch: [0]:   0%|                    | 24/19545 [00:19<3:48:36,  1.42it/s, loss=3.7731, lr=0.000125]
Epoch: [0]:   0%|                    | 24/19545 [00:19<3:48:36,  1.42it/s, loss=3.8436, lr=0.000130]
Epoch: [0]:   0%|                    | 25/19545 [00:19<3:43:59,  1.45it/s, loss=3.8436, lr=0.000130]
Epoch: [0]:   0%|                    | 25/19545 [00:20<3:43:59,  1.45it/s, loss=3.1942, lr=0.000135]
Epoch: [0]:   0%|                    | 26/19545 [00:20<3:42:59,  1.46it/s, loss=3.1942, lr=0.000135]
Epoch: [0]:   0%|                    | 26/19545 [00:20<3:42:59,  1.46it/s, loss=3.8598, lr=0.000140]
Epoch: [0]:   0%|                    | 27/19545 [00:20<3:36:26,  1.50it/s, loss=3.8598, lr=0.000140]
Epoch: [0]:   0%|                    | 27/19545 [00:21<3:36:26,  1.50it/s, loss=2.9962, lr=0.000145]
Epoch: [0]:   0%|                    | 28/19545 [00:21<3:33:45,  1.52it/s, loss=2.9962, lr=0.000145]
Epoch: [0]:   0%|                    | 28/19545 [00:22<3:33:45,  1.52it/s, loss=3.1999, lr=0.000150]
Epoch: [0]:   0%|                    | 29/19545 [00:22<3:29:21,  1.55it/s, loss=3.1999, lr=0.000150]
Epoch: [0]:   0%|                    | 29/19545 [00:22<3:29:21,  1.55it/s, loss=3.2266, lr=0.000155]
Epoch: [0]:   0%|                    | 30/19545 [00:22<3:31:09,  1.54it/s, loss=3.2266, lr=0.000155]
Epoch: [0]:   0%|                    | 30/19545 [00:23<3:31:09,  1.54it/s, loss=2.6812, lr=0.000160]
Epoch: [0]:   0%|                    | 31/19545 [00:23<3:29:24,  1.55it/s, loss=2.6812, lr=0.000160]Epoch: [0]  [   30/19545]  eta: 4:06:34  lr: 0.000160  loss: 4.0085 (4.8354)  loss_classifier: 2.7068 (3.3356)  loss_box_reg: 0.6221 (0.6288)  loss_mask: 0.8038 (0.8066)  loss_objectness: 0.0149 (0.0171)  loss_rpn_box_reg: 0.0427 (0.0473)  time: 0.6703  data: 0.0002  max mem: 12232

Epoch: [0]:   0%|                    | 31/19545 [00:24<3:29:24,  1.55it/s, loss=2.3047, lr=0.000165]
Epoch: [0]:   0%|                    | 32/19545 [00:24<3:16:38,  1.65it/s, loss=2.3047, lr=0.000165]
Epoch: [0]:   0%|                    | 32/19545 [00:24<3:16:38,  1.65it/s, loss=2.3794, lr=0.000170]
Epoch: [0]:   0%|                    | 33/19545 [00:24<3:14:36,  1.67it/s, loss=2.3794, lr=0.000170]
Epoch: [0]:   0%|                    | 33/19545 [00:25<3:14:36,  1.67it/s, loss=3.0123, lr=0.000175]
Epoch: [0]:   0%|                    | 34/19545 [00:25<3:26:16,  1.58it/s, loss=3.0123, lr=0.000175]
Epoch: [0]:   0%|                    | 34/19545 [00:25<3:26:16,  1.58it/s, loss=2.6720, lr=0.000180]
Epoch: [0]:   0%|                    | 35/19545 [00:25<3:28:10,  1.56it/s, loss=2.6720, lr=0.000180]
Epoch: [0]:   0%|                    | 35/19545 [00:26<3:28:10,  1.56it/s, loss=2.2037, lr=0.000185]
Epoch: [0]:   0%|                    | 36/19545 [00:26<3:28:03,  1.56it/s, loss=2.2037, lr=0.000185]
Epoch: [0]:   0%|                    | 36/19545 [00:27<3:28:03,  1.56it/s, loss=2.5297, lr=0.000190]
Epoch: [0]:   0%|                    | 37/19545 [00:27<3:23:15,  1.60it/s, loss=2.5297, lr=0.000190]
Epoch: [0]:   0%|                    | 37/19545 [00:27<3:23:15,  1.60it/s, loss=2.7756, lr=0.000195]
Epoch: [0]:   0%|                    | 38/19545 [00:27<3:26:37,  1.57it/s, loss=2.7756, lr=0.000195]
Epoch: [0]:   0%|                    | 38/19545 [00:28<3:26:37,  1.57it/s, loss=3.0044, lr=0.000200]
Epoch: [0]:   0%|                    | 39/19545 [00:28<3:29:56,  1.55it/s, loss=3.0044, lr=0.000200]
Epoch: [0]:   0%|                    | 39/19545 [00:29<3:29:56,  1.55it/s, loss=3.1836, lr=0.000205]
Epoch: [0]:   0%|                    | 40/19545 [00:29<3:26:36,  1.57it/s, loss=3.1836, lr=0.000205]
Epoch: [0]:   0%|                    | 40/19545 [00:29<3:26:36,  1.57it/s, loss=2.3394, lr=0.000210]
Epoch: [0]:   0%|                    | 41/19545 [00:29<3:11:27,  1.70it/s, loss=2.3394, lr=0.000210]Epoch: [0]  [   40/19545]  eta: 3:54:51  lr: 0.000210  loss: 3.0044 (4.3000)  loss_classifier: 1.3361 (2.7893)  loss_box_reg: 0.6815 (0.6410)  loss_mask: 0.7890 (0.7983)  loss_objectness: 0.0149 (0.0232)  loss_rpn_box_reg: 0.0450 (0.0481)  time: 0.6328  data: 0.0003  max mem: 12232

Epoch: [0]:   0%|                    | 41/19545 [00:30<3:11:27,  1.70it/s, loss=1.9354, lr=0.000215]
Epoch: [0]:   0%|                    | 42/19545 [00:30<3:09:39,  1.71it/s, loss=1.9354, lr=0.000215]
Epoch: [0]:   0%|                    | 42/19545 [00:30<3:09:39,  1.71it/s, loss=2.3060, lr=0.000220]
Epoch: [0]:   0%|                    | 43/19545 [00:30<3:05:38,  1.75it/s, loss=2.3060, lr=0.000220]
Epoch: [0]:   0%|                    | 43/19545 [00:31<3:05:38,  1.75it/s, loss=2.8115, lr=0.000225]
Epoch: [0]:   0%|                    | 44/19545 [00:31<3:14:58,  1.67it/s, loss=2.8115, lr=0.000225]
Epoch: [0]:   0%|                    | 44/19545 [00:32<3:14:58,  1.67it/s, loss=2.3688, lr=0.000230]
Epoch: [0]:   0%|                    | 45/19545 [00:32<3:18:40,  1.64it/s, loss=2.3688, lr=0.000230]
Epoch: [0]:   0%|                    | 45/19545 [00:32<3:18:40,  1.64it/s, loss=2.7049, lr=0.000235]
Epoch: [0]:   0%|                    | 46/19545 [00:32<3:22:28,  1.61it/s, loss=2.7049, lr=0.000235]
Epoch: [0]:   0%|                    | 46/19545 [00:33<3:22:28,  1.61it/s, loss=2.9956, lr=0.000240]
Epoch: [0]:   0%|                    | 47/19545 [00:33<3:11:21,  1.70it/s, loss=2.9956, lr=0.000240]
Epoch: [0]:   0%|                    | 47/19545 [00:33<3:11:21,  1.70it/s, loss=2.8655, lr=0.000245]
Epoch: [0]:   0%|                    | 48/19545 [00:33<3:18:17,  1.64it/s, loss=2.8655, lr=0.000245]
Epoch: [0]:   0%|                    | 48/19545 [00:34<3:18:17,  1.64it/s, loss=2.4034, lr=0.000250]
Epoch: [0]:   0%|                    | 49/19545 [00:34<3:15:54,  1.66it/s, loss=2.4034, lr=0.000250]
Epoch: [0]:   0%|                    | 49/19545 [00:34<3:15:54,  1.66it/s, loss=2.9808, lr=0.000255]
Epoch: [0]:   0%|                    | 50/19545 [00:34<3:06:45,  1.74it/s, loss=2.9808, lr=0.000255]
Epoch: [0]:   0%|                    | 50/19545 [00:35<3:06:45,  1.74it/s, loss=2.3672, lr=0.000260]
Epoch: [0]:   0%|                    | 51/19545 [00:35<3:16:39,  1.65it/s, loss=2.3672, lr=0.000260]Epoch: [0]  [   50/19545]  eta: 3:46:59  lr: 0.000260  loss: 2.5297 (3.9616)  loss_classifier: 0.9859 (2.4506)  loss_box_reg: 0.6228 (0.6398)  loss_mask: 0.7890 (0.8031)  loss_objectness: 0.0138 (0.0223)  loss_rpn_box_reg: 0.0332 (0.0458)  time: 0.6064  data: 0.0003  max mem: 12232

Epoch: [0]:   0%|                    | 51/19545 [00:36<3:16:39,  1.65it/s, loss=2.0976, lr=0.000265]
Epoch: [0]:   0%|                    | 52/19545 [00:36<3:20:26,  1.62it/s, loss=2.0976, lr=0.000265]
Epoch: [0]:   0%|                    | 52/19545 [00:36<3:20:26,  1.62it/s, loss=2.1551, lr=0.000270]
Epoch: [0]:   0%|                    | 53/19545 [00:36<3:15:08,  1.66it/s, loss=2.1551, lr=0.000270]
Epoch: [0]:   0%|                    | 53/19545 [00:37<3:15:08,  1.66it/s, loss=1.8540, lr=0.000275]
Epoch: [0]:   0%|                    | 54/19545 [00:37<3:10:22,  1.71it/s, loss=1.8540, lr=0.000275]
Epoch: [0]:   0%|                    | 54/19545 [00:37<3:10:22,  1.71it/s, loss=1.9714, lr=0.000280]
Epoch: [0]:   0%|                    | 55/19545 [00:37<3:07:04,  1.74it/s, loss=1.9714, lr=0.000280]
Epoch: [0]:   0%|                    | 55/19545 [00:38<3:07:04,  1.74it/s, loss=2.9933, lr=0.000285]
Epoch: [0]:   0%|                    | 56/19545 [00:38<3:09:17,  1.72it/s, loss=2.9933, lr=0.000285]
Epoch: [0]:   0%|                    | 56/19545 [00:39<3:09:17,  1.72it/s, loss=2.2606, lr=0.000290]
Epoch: [0]:   0%|                    | 57/19545 [00:39<3:15:40,  1.66it/s, loss=2.2606, lr=0.000290]
Epoch: [0]:   0%|                    | 57/19545 [00:39<3:15:40,  1.66it/s, loss=2.9033, lr=0.000295]
Epoch: [0]:   0%|                    | 58/19545 [00:39<3:18:57,  1.63it/s, loss=2.9033, lr=0.000295]
Epoch: [0]:   0%|                    | 58/19545 [00:40<3:18:57,  1.63it/s, loss=2.4980, lr=0.000300]
Epoch: [0]:   0%|                    | 59/19545 [00:40<3:15:40,  1.66it/s, loss=2.4980, lr=0.000300]
Epoch: [0]:   0%|                    | 59/19545 [00:41<3:15:40,  1.66it/s, loss=2.4984, lr=0.000305]
Epoch: [0]:   0%|                    | 60/19545 [00:41<3:20:54,  1.62it/s, loss=2.4984, lr=0.000305]
Epoch: [0]:   0%|                    | 60/19545 [00:41<3:20:54,  1.62it/s, loss=1.8509, lr=0.000310]
Epoch: [0]:   0%|                    | 61/19545 [00:41<3:22:35,  1.60it/s, loss=1.8509, lr=0.000310]Epoch: [0]  [   60/19545]  eta: 3:41:57  lr: 0.000310  loss: 2.3688 (3.6906)  loss_classifier: 0.9583 (2.1952)  loss_box_reg: 0.5773 (0.6298)  loss_mask: 0.7737 (0.7957)  loss_objectness: 0.0137 (0.0229)  loss_rpn_box_reg: 0.0332 (0.0469)  time: 0.6036  data: 0.0003  max mem: 12232

Epoch: [0]:   0%|                    | 61/19545 [00:42<3:22:35,  1.60it/s, loss=1.7788, lr=0.000315]
Epoch: [0]:   0%|                    | 62/19545 [00:42<3:07:31,  1.73it/s, loss=1.7788, lr=0.000315]
Epoch: [0]:   0%|                    | 62/19545 [00:42<3:07:31,  1.73it/s, loss=2.9074, lr=0.000320]
Epoch: [0]:   0%|                    | 63/19545 [00:42<3:13:49,  1.68it/s, loss=2.9074, lr=0.000320]
Epoch: [0]:   0%|                    | 63/19545 [00:43<3:13:49,  1.68it/s, loss=1.9532, lr=0.000325]
Epoch: [0]:   0%|                    | 64/19545 [00:43<3:16:20,  1.65it/s, loss=1.9532, lr=0.000325]
Epoch: [0]:   0%|                    | 64/19545 [00:44<3:16:20,  1.65it/s, loss=1.9183, lr=0.000330]
Epoch: [0]:   0%|                    | 65/19545 [00:44<3:22:43,  1.60it/s, loss=1.9183, lr=0.000330]
Epoch: [0]:   0%|                    | 65/19545 [00:44<3:22:43,  1.60it/s, loss=2.2466, lr=0.000335]
Epoch: [0]:   0%|                    | 66/19545 [00:44<3:25:11,  1.58it/s, loss=2.2466, lr=0.000335]
Epoch: [0]:   0%|                    | 66/19545 [00:45<3:25:11,  1.58it/s, loss=2.2845, lr=0.000340]
Epoch: [0]:   0%|                    | 67/19545 [00:45<3:25:28,  1.58it/s, loss=2.2845, lr=0.000340]
Epoch: [0]:   0%|                    | 67/19545 [00:46<3:25:28,  1.58it/s, loss=2.1400, lr=0.000345]
Epoch: [0]:   0%|                    | 68/19545 [00:46<3:26:22,  1.57it/s, loss=2.1400, lr=0.000345]
Epoch: [0]:   0%|                    | 68/19545 [00:46<3:26:22,  1.57it/s, loss=1.8933, lr=0.000350]
Epoch: [0]:   0%|                    | 69/19545 [00:46<3:25:58,  1.58it/s, loss=1.8933, lr=0.000350]
Epoch: [0]:   0%|                    | 69/19545 [00:47<3:25:58,  1.58it/s, loss=2.5299, lr=0.000355]
Epoch: [0]:   0%|                    | 70/19545 [00:47<3:28:21,  1.56it/s, loss=2.5299, lr=0.000355]
Epoch: [0]:   0%|                    | 70/19545 [00:47<3:28:21,  1.56it/s, loss=2.4837, lr=0.000360]
Epoch: [0]:   0%|                    | 71/19545 [00:47<3:30:09,  1.54it/s, loss=2.4837, lr=0.000360]Epoch: [0]  [   70/19545]  eta: 3:39:19  lr: 0.000360  loss: 2.1551 (3.4825)  loss_classifier: 0.8194 (2.0041)  loss_box_reg: 0.5602 (0.6215)  loss_mask: 0.7251 (0.7883)  loss_objectness: 0.0129 (0.0223)  loss_rpn_box_reg: 0.0356 (0.0464)  time: 0.6173  data: 0.0002  max mem: 12232

Epoch: [0]:   0%|                    | 71/19545 [00:48<3:30:09,  1.54it/s, loss=2.4692, lr=0.000365]
Epoch: [0]:   0%|                    | 72/19545 [00:48<3:31:04,  1.54it/s, loss=2.4692, lr=0.000365]
Epoch: [0]:   0%|                    | 72/19545 [00:49<3:31:04,  1.54it/s, loss=2.5174, lr=0.000370]
Epoch: [0]:   0%|                    | 73/19545 [00:49<3:23:25,  1.60it/s, loss=2.5174, lr=0.000370]
Epoch: [0]:   0%|                    | 73/19545 [00:49<3:23:25,  1.60it/s, loss=2.4342, lr=0.000375]
Epoch: [0]:   0%|                    | 74/19545 [00:49<3:26:39,  1.57it/s, loss=2.4342, lr=0.000375]
Epoch: [0]:   0%|                    | 74/19545 [00:50<3:26:39,  1.57it/s, loss=1.6282, lr=0.000380]
Epoch: [0]:   0%|                    | 75/19545 [00:50<3:32:38,  1.53it/s, loss=1.6282, lr=0.000380]
Epoch: [0]:   0%|                    | 75/19545 [00:51<3:32:38,  1.53it/s, loss=1.6084, lr=0.000385]
Epoch: [0]:   0%|                    | 76/19545 [00:51<3:29:07,  1.55it/s, loss=1.6084, lr=0.000385]
Epoch: [0]:   0%|                    | 76/19545 [00:51<3:29:07,  1.55it/s, loss=2.2159, lr=0.000390]
Epoch: [0]:   0%|                    | 77/19545 [00:51<3:21:49,  1.61it/s, loss=2.2159, lr=0.000390]
Epoch: [0]:   0%|                    | 77/19545 [00:52<3:21:49,  1.61it/s, loss=2.2099, lr=0.000395]
Epoch: [0]:   0%|                    | 78/19545 [00:52<3:19:16,  1.63it/s, loss=2.2099, lr=0.000395]
Epoch: [0]:   0%|                    | 78/19545 [00:52<3:19:16,  1.63it/s, loss=2.2363, lr=0.000400]
Epoch: [0]:   0%|                    | 79/19545 [00:52<3:18:13,  1.64it/s, loss=2.2363, lr=0.000400]
Epoch: [0]:   0%|                    | 79/19545 [00:53<3:18:13,  1.64it/s, loss=1.7293, lr=0.000405]
Epoch: [0]:   0%|                    | 80/19545 [00:53<3:19:22,  1.63it/s, loss=1.7293, lr=0.000405]
Epoch: [0]:   0%|                    | 80/19545 [00:54<3:19:22,  1.63it/s, loss=2.3555, lr=0.000410]
Epoch: [0]:   0%|                    | 81/19545 [00:54<3:18:46,  1.63it/s, loss=2.3555, lr=0.000410]Epoch: [0]  [   80/19545]  eta: 3:37:00  lr: 0.000410  loss: 2.2159 (3.3168)  loss_classifier: 0.8682 (1.8575)  loss_box_reg: 0.5876 (0.6159)  loss_mask: 0.7039 (0.7762)  loss_objectness: 0.0121 (0.0215)  loss_rpn_box_reg: 0.0320 (0.0457)  time: 0.6244  data: 0.0002  max mem: 12232

Epoch: [0]:   0%|                    | 81/19545 [00:54<3:18:46,  1.63it/s, loss=2.5038, lr=0.000415]
Epoch: [0]:   0%|                    | 82/19545 [00:54<3:23:36,  1.59it/s, loss=2.5038, lr=0.000415]
Epoch: [0]:   0%|                    | 82/19545 [00:55<3:23:36,  1.59it/s, loss=1.5589, lr=0.000420]
Epoch: [0]:   0%|                    | 83/19545 [00:55<3:20:18,  1.62it/s, loss=1.5589, lr=0.000420]
Epoch: [0]:   0%|                    | 83/19545 [00:56<3:20:18,  1.62it/s, loss=2.2258, lr=0.000425]
Epoch: [0]:   0%|                    | 84/19545 [00:56<3:17:58,  1.64it/s, loss=2.2258, lr=0.000425]
Epoch: [0]:   0%|                    | 84/19545 [00:56<3:17:58,  1.64it/s, loss=2.2492, lr=0.000430]
Epoch: [0]:   0%|                    | 85/19545 [00:56<3:30:24,  1.54it/s, loss=2.2492, lr=0.000430]
Epoch: [0]:   0%|                    | 85/19545 [00:57<3:30:24,  1.54it/s, loss=2.0448, lr=0.000435]
Epoch: [0]:   0%|                    | 86/19545 [00:57<3:29:28,  1.55it/s, loss=2.0448, lr=0.000435]
Epoch: [0]:   0%|                    | 86/19545 [00:57<3:29:28,  1.55it/s, loss=1.3767, lr=0.000440]
Epoch: [0]:   0%|                    | 87/19545 [00:57<3:22:11,  1.60it/s, loss=1.3767, lr=0.000440]
Epoch: [0]:   0%|                    | 87/19545 [00:58<3:22:11,  1.60it/s, loss=2.1433, lr=0.000445]
Epoch: [0]:   0%|                    | 88/19545 [00:58<3:09:29,  1.71it/s, loss=2.1433, lr=0.000445]
Epoch: [0]:   0%|                    | 88/19545 [00:59<3:09:29,  1.71it/s, loss=2.1404, lr=0.000450]
Epoch: [0]:   0%|                    | 89/19545 [00:59<3:10:25,  1.70it/s, loss=2.1404, lr=0.000450]
Epoch: [0]:   0%|                    | 89/19545 [00:59<3:10:25,  1.70it/s, loss=1.9569, lr=0.000455]
Epoch: [0]:   0%|                    | 90/19545 [00:59<3:12:20,  1.69it/s, loss=1.9569, lr=0.000455]
Epoch: [0]:   0%|                    | 90/19545 [01:00<3:12:20,  1.69it/s, loss=1.8431, lr=0.000460]
Epoch: [0]:   0%|                    | 91/19545 [01:00<3:08:52,  1.72it/s, loss=1.8431, lr=0.000460]Epoch: [0]  [   90/19545]  eta: 3:34:36  lr: 0.000460  loss: 2.1433 (3.1726)  loss_classifier: 0.8097 (1.7328)  loss_box_reg: 0.5876 (0.6049)  loss_mask: 0.7081 (0.7695)  loss_objectness: 0.0121 (0.0208)  loss_rpn_box_reg: 0.0320 (0.0445)  time: 0.6128  data: 0.0002  max mem: 12238

Epoch: [0]:   0%|                    | 91/19545 [01:00<3:08:52,  1.72it/s, loss=2.3283, lr=0.000465]
Epoch: [0]:   0%|                    | 92/19545 [01:00<3:15:57,  1.65it/s, loss=2.3283, lr=0.000465]
Epoch: [0]:   0%|                    | 92/19545 [01:01<3:15:57,  1.65it/s, loss=2.6391, lr=0.000470]
Epoch: [0]:   0%|                    | 93/19545 [01:01<3:07:37,  1.73it/s, loss=2.6391, lr=0.000470]
Epoch: [0]:   0%|                    | 93/19545 [01:02<3:07:37,  1.73it/s, loss=2.4329, lr=0.000475]
Epoch: [0]:   0%|                    | 94/19545 [01:02<3:13:27,  1.68it/s, loss=2.4329, lr=0.000475]
Epoch: [0]:   0%|                    | 94/19545 [01:02<3:13:27,  1.68it/s, loss=2.5027, lr=0.000480]
Epoch: [0]:   0%|                    | 95/19545 [01:02<3:18:59,  1.63it/s, loss=2.5027, lr=0.000480]
Epoch: [0]:   0%|                    | 95/19545 [01:03<3:18:59,  1.63it/s, loss=2.0753, lr=0.000485]
Epoch: [0]:   0%|                    | 96/19545 [01:03<3:16:40,  1.65it/s, loss=2.0753, lr=0.000485]
Epoch: [0]:   0%|                    | 96/19545 [01:04<3:16:40,  1.65it/s, loss=2.8191, lr=0.000490]
Epoch: [0]:   0%|                    | 97/19545 [01:04<3:26:23,  1.57it/s, loss=2.8191, lr=0.000490]
Epoch: [0]:   0%|                    | 97/19545 [01:04<3:26:23,  1.57it/s, loss=2.3270, lr=0.000495]
Epoch: [0]:   1%|1                   | 98/19545 [01:04<3:12:59,  1.68it/s, loss=2.3270, lr=0.000495]
Epoch: [0]:   1%|1                   | 98/19545 [01:05<3:12:59,  1.68it/s, loss=2.1800, lr=0.000500]
Epoch: [0]:   1%|1                   | 99/19545 [01:05<3:03:18,  1.77it/s, loss=2.1800, lr=0.000500]
Epoch: [0]:   1%|1                   | 99/19545 [01:05<3:03:18,  1.77it/s, loss=1.7703, lr=0.000505]
Epoch: [0]:   1%|                   | 100/19545 [01:05<3:08:51,  1.72it/s, loss=1.7703, lr=0.000505]
Epoch: [0]:   1%|                   | 100/19545 [01:06<3:08:51,  1.72it/s, loss=1.8856, lr=0.000509]
Epoch: [0]:   1%|                   | 101/19545 [01:06<3:10:33,  1.70it/s, loss=1.8856, lr=0.000509]Epoch: [0]  [  100/19545]  eta: 3:32:27  lr: 0.000509  loss: 2.1433 (3.0858)  loss_classifier: 0.8068 (1.6472)  loss_box_reg: 0.5911 (0.6078)  loss_mask: 0.7081 (0.7633)  loss_objectness: 0.0160 (0.0213)  loss_rpn_box_reg: 0.0360 (0.0463)  time: 0.6015  data: 0.0002  max mem: 12238

Epoch: [0]:   1%|                   | 101/19545 [01:06<3:10:33,  1.70it/s, loss=1.6539, lr=0.000514]
Epoch: [0]:   1%|                   | 102/19545 [01:06<3:12:13,  1.69it/s, loss=1.6539, lr=0.000514]
Epoch: [0]:   1%|                   | 102/19545 [01:07<3:12:13,  1.69it/s, loss=2.4051, lr=0.000519]
Epoch: [0]:   1%|1                  | 103/19545 [01:07<3:00:45,  1.79it/s, loss=2.4051, lr=0.000519]
Epoch: [0]:   1%|1                  | 103/19545 [01:07<3:00:45,  1.79it/s, loss=1.7398, lr=0.000524]
Epoch: [0]:   1%|1                  | 104/19545 [01:07<3:10:22,  1.70it/s, loss=1.7398, lr=0.000524]
Epoch: [0]:   1%|1                  | 104/19545 [01:08<3:10:22,  1.70it/s, loss=2.2544, lr=0.000529]
Epoch: [0]:   1%|1                  | 105/19545 [01:08<3:11:29,  1.69it/s, loss=2.2544, lr=0.000529]
Epoch: [0]:   1%|1                  | 105/19545 [01:09<3:11:29,  1.69it/s, loss=2.2418, lr=0.000534]
Epoch: [0]:   1%|1                  | 106/19545 [01:09<3:01:24,  1.79it/s, loss=2.2418, lr=0.000534]
Epoch: [0]:   1%|1                  | 106/19545 [01:09<3:01:24,  1.79it/s, loss=2.2930, lr=0.000539]
Epoch: [0]:   1%|1                  | 107/19545 [01:09<3:05:22,  1.75it/s, loss=2.2930, lr=0.000539]
Epoch: [0]:   1%|1                  | 107/19545 [01:10<3:05:22,  1.75it/s, loss=2.4298, lr=0.000544]
Epoch: [0]:   1%|1                  | 108/19545 [01:10<2:57:33,  1.82it/s, loss=2.4298, lr=0.000544]
Epoch: [0]:   1%|1                  | 108/19545 [01:10<2:57:33,  1.82it/s, loss=1.5440, lr=0.000549]
Epoch: [0]:   1%|1                  | 109/19545 [01:10<3:02:49,  1.77it/s, loss=1.5440, lr=0.000549]
Epoch: [0]:   1%|1                  | 109/19545 [01:11<3:02:49,  1.77it/s, loss=2.5222, lr=0.000554]
Epoch: [0]:   1%|1                  | 110/19545 [01:11<3:12:41,  1.68it/s, loss=2.5222, lr=0.000554]
Epoch: [0]:   1%|1                  | 110/19545 [01:12<3:12:41,  1.68it/s, loss=2.1436, lr=0.000559]
Epoch: [0]:   1%|1                  | 111/19545 [01:12<3:21:56,  1.60it/s, loss=2.1436, lr=0.000559]Epoch: [0]  [  110/19545]  eta: 3:30:21  lr: 0.000559  loss: 2.2544 (2.9990)  loss_classifier: 0.8728 (1.5703)  loss_box_reg: 0.6285 (0.6056)  loss_mask: 0.6845 (0.7564)  loss_objectness: 0.0188 (0.0210)  loss_rpn_box_reg: 0.0383 (0.0458)  time: 0.5928  data: 0.0002  max mem: 12238

Epoch: [0]:   1%|1                  | 111/19545 [01:12<3:21:56,  1.60it/s, loss=2.0885, lr=0.000564]
Epoch: [0]:   1%|1                  | 112/19545 [01:12<3:08:30,  1.72it/s, loss=2.0885, lr=0.000564]
Epoch: [0]:   1%|1                  | 112/19545 [01:13<3:08:30,  1.72it/s, loss=1.9564, lr=0.000569]
Epoch: [0]:   1%|1                  | 113/19545 [01:13<3:13:47,  1.67it/s, loss=1.9564, lr=0.000569]
Epoch: [0]:   1%|1                  | 113/19545 [01:13<3:13:47,  1.67it/s, loss=2.2609, lr=0.000574]
Epoch: [0]:   1%|1                  | 114/19545 [01:13<3:14:24,  1.67it/s, loss=2.2609, lr=0.000574]
Epoch: [0]:   1%|1                  | 114/19545 [01:14<3:14:24,  1.67it/s, loss=2.3000, lr=0.000579]
Epoch: [0]:   1%|1                  | 115/19545 [01:14<3:06:34,  1.74it/s, loss=2.3000, lr=0.000579]
Epoch: [0]:   1%|1                  | 115/19545 [01:14<3:06:34,  1.74it/s, loss=2.2854, lr=0.000584]
Epoch: [0]:   1%|1                  | 116/19545 [01:14<3:00:49,  1.79it/s, loss=2.2854, lr=0.000584]
Epoch: [0]:   1%|1                  | 116/19545 [01:15<3:00:49,  1.79it/s, loss=2.0421, lr=0.000589]
Epoch: [0]:   1%|1                  | 117/19545 [01:15<2:54:38,  1.85it/s, loss=2.0421, lr=0.000589]
Epoch: [0]:   1%|1                  | 117/19545 [01:15<2:54:38,  1.85it/s, loss=1.8817, lr=0.000594]
Epoch: [0]:   1%|1                  | 118/19545 [01:15<2:58:59,  1.81it/s, loss=1.8817, lr=0.000594]
Epoch: [0]:   1%|1                  | 118/19545 [01:16<2:58:59,  1.81it/s, loss=2.3330, lr=0.000599]
Epoch: [0]:   1%|1                  | 119/19545 [01:16<3:03:47,  1.76it/s, loss=2.3330, lr=0.000599]
Epoch: [0]:   1%|1                  | 119/19545 [01:17<3:03:47,  1.76it/s, loss=2.2065, lr=0.000604]
Epoch: [0]:   1%|1                  | 120/19545 [01:17<3:15:56,  1.65it/s, loss=2.2065, lr=0.000604]
Epoch: [0]:   1%|1                  | 120/19545 [01:17<3:15:56,  1.65it/s, loss=2.5078, lr=0.000609]
Epoch: [0]:   1%|1                  | 121/19545 [01:17<3:27:07,  1.56it/s, loss=2.5078, lr=0.000609]Epoch: [0]  [  120/19545]  eta: 3:28:32  lr: 0.000609  loss: 2.2418 (2.9319)  loss_classifier: 0.8236 (1.5061)  loss_box_reg: 0.6274 (0.6067)  loss_mask: 0.6603 (0.7479)  loss_objectness: 0.0188 (0.0219)  loss_rpn_box_reg: 0.0415 (0.0492)  time: 0.5866  data: 0.0002  max mem: 12238

Epoch: [0]:   1%|1                  | 121/19545 [01:18<3:27:07,  1.56it/s, loss=2.4225, lr=0.000614]
Epoch: [0]:   1%|1                  | 122/19545 [01:18<3:14:16,  1.67it/s, loss=2.4225, lr=0.000614]
Epoch: [0]:   1%|1                  | 122/19545 [01:19<3:14:16,  1.67it/s, loss=2.2758, lr=0.000619]
Epoch: [0]:   1%|1                  | 123/19545 [01:19<3:17:08,  1.64it/s, loss=2.2758, lr=0.000619]
Epoch: [0]:   1%|1                  | 123/19545 [01:19<3:17:08,  1.64it/s, loss=1.5873, lr=0.000624]
Epoch: [0]:   1%|1                  | 124/19545 [01:19<3:17:55,  1.64it/s, loss=1.5873, lr=0.000624]
Epoch: [0]:   1%|1                  | 124/19545 [01:20<3:17:55,  1.64it/s, loss=1.2619, lr=0.000629]
Epoch: [0]:   1%|1                  | 125/19545 [01:20<3:21:58,  1.60it/s, loss=1.2619, lr=0.000629]
Epoch: [0]:   1%|1                  | 125/19545 [01:20<3:21:58,  1.60it/s, loss=2.0064, lr=0.000634]
Epoch: [0]:   1%|1                  | 126/19545 [01:20<3:09:23,  1.71it/s, loss=2.0064, lr=0.000634]
Epoch: [0]:   1%|1                  | 126/19545 [01:21<3:09:23,  1.71it/s, loss=2.3052, lr=0.000639]
Epoch: [0]:   1%|1                  | 127/19545 [01:21<3:15:59,  1.65it/s, loss=2.3052, lr=0.000639]
Epoch: [0]:   1%|1                  | 127/19545 [01:22<3:15:59,  1.65it/s, loss=2.4174, lr=0.000644]
Epoch: [0]:   1%|1                  | 128/19545 [01:22<3:15:21,  1.66it/s, loss=2.4174, lr=0.000644]
Epoch: [0]:   1%|1                  | 128/19545 [01:22<3:15:21,  1.66it/s, loss=1.9244, lr=0.000649]
Epoch: [0]:   1%|1                  | 129/19545 [01:22<3:13:39,  1.67it/s, loss=1.9244, lr=0.000649]
Epoch: [0]:   1%|1                  | 129/19545 [01:23<3:13:39,  1.67it/s, loss=1.9455, lr=0.000654]
Epoch: [0]:   1%|1                  | 130/19545 [01:23<3:17:42,  1.64it/s, loss=1.9455, lr=0.000654]
Epoch: [0]:   1%|1                  | 130/19545 [01:23<3:17:42,  1.64it/s, loss=2.3707, lr=0.000659]
Epoch: [0]:   1%|1                  | 131/19545 [01:23<3:20:28,  1.61it/s, loss=2.3707, lr=0.000659]Epoch: [0]  [  130/19545]  eta: 3:27:23  lr: 0.000659  loss: 2.2065 (2.8647)  loss_classifier: 0.8141 (1.4472)  loss_box_reg: 0.6274 (0.6034)  loss_mask: 0.6603 (0.7425)  loss_objectness: 0.0232 (0.0220)  loss_rpn_box_reg: 0.0406 (0.0496)  time: 0.5938  data: 0.0002  max mem: 12238

Epoch: [0]:   1%|1                  | 131/19545 [01:24<3:20:28,  1.61it/s, loss=2.1751, lr=0.000664]
Epoch: [0]:   1%|1                  | 132/19545 [01:24<3:25:06,  1.58it/s, loss=2.1751, lr=0.000664]
Epoch: [0]:   1%|1                  | 132/19545 [01:25<3:25:06,  1.58it/s, loss=2.2409, lr=0.000669]
Epoch: [0]:   1%|1                  | 133/19545 [01:25<3:25:33,  1.57it/s, loss=2.2409, lr=0.000669]
Epoch: [0]:   1%|1                  | 133/19545 [01:25<3:25:33,  1.57it/s, loss=1.7359, lr=0.000674]
Epoch: [0]:   1%|1                  | 134/19545 [01:25<3:19:52,  1.62it/s, loss=1.7359, lr=0.000674]
Epoch: [0]:   1%|1                  | 134/19545 [01:26<3:19:52,  1.62it/s, loss=1.8673, lr=0.000679]
Epoch: [0]:   1%|1                  | 135/19545 [01:26<3:22:40,  1.60it/s, loss=1.8673, lr=0.000679]
Epoch: [0]:   1%|1                  | 135/19545 [01:27<3:22:40,  1.60it/s, loss=2.2267, lr=0.000684]
Epoch: [0]:   1%|1                  | 136/19545 [01:27<3:24:37,  1.58it/s, loss=2.2267, lr=0.000684]
Epoch: [0]:   1%|1                  | 136/19545 [01:27<3:24:37,  1.58it/s, loss=2.4530, lr=0.000689]
Epoch: [0]:   1%|1                  | 137/19545 [01:27<3:30:34,  1.54it/s, loss=2.4530, lr=0.000689]
Epoch: [0]:   1%|1                  | 137/19545 [01:28<3:30:34,  1.54it/s, loss=1.4440, lr=0.000694]
Epoch: [0]:   1%|1                  | 138/19545 [01:28<3:26:58,  1.56it/s, loss=1.4440, lr=0.000694]
Epoch: [0]:   1%|1                  | 138/19545 [01:29<3:26:58,  1.56it/s, loss=2.3328, lr=0.000699]
Epoch: [0]:   1%|1                  | 139/19545 [01:29<3:28:39,  1.55it/s, loss=2.3328, lr=0.000699]
Epoch: [0]:   1%|1                  | 139/19545 [01:29<3:28:39,  1.55it/s, loss=2.1172, lr=0.000704]
Epoch: [0]:   1%|1                  | 140/19545 [01:29<3:23:48,  1.59it/s, loss=2.1172, lr=0.000704]
Epoch: [0]:   1%|1                  | 140/19545 [01:30<3:23:48,  1.59it/s, loss=1.3704, lr=0.000709]
Epoch: [0]:   1%|1                  | 141/19545 [01:30<3:16:50,  1.64it/s, loss=1.3704, lr=0.000709]Epoch: [0]  [  140/19545]  eta: 3:27:01  lr: 0.000709  loss: 2.1172 (2.8031)  loss_classifier: 0.7061 (1.3946)  loss_box_reg: 0.6168 (0.5997)  loss_mask: 0.6579 (0.7367)  loss_objectness: 0.0120 (0.0217)  loss_rpn_box_reg: 0.0364 (0.0504)  time: 0.6157  data: 0.0002  max mem: 12238

Epoch: [0]:   1%|1                  | 141/19545 [01:30<3:16:50,  1.64it/s, loss=2.0929, lr=0.000714]
Epoch: [0]:   1%|1                  | 142/19545 [01:30<3:22:10,  1.60it/s, loss=2.0929, lr=0.000714]
Epoch: [0]:   1%|1                  | 142/19545 [01:31<3:22:10,  1.60it/s, loss=2.0622, lr=0.000719]
Epoch: [0]:   1%|1                  | 143/19545 [01:31<3:08:58,  1.71it/s, loss=2.0622, lr=0.000719]
Epoch: [0]:   1%|1                  | 143/19545 [01:31<3:08:58,  1.71it/s, loss=1.9711, lr=0.000724]
Epoch: [0]:   1%|1                  | 144/19545 [01:31<3:05:45,  1.74it/s, loss=1.9711, lr=0.000724]
Epoch: [0]:   1%|1                  | 144/19545 [01:32<3:05:45,  1.74it/s, loss=1.7772, lr=0.000729]
Epoch: [0]:   1%|1                  | 145/19545 [01:32<3:12:28,  1.68it/s, loss=1.7772, lr=0.000729]
Epoch: [0]:   1%|1                  | 145/19545 [01:33<3:12:28,  1.68it/s, loss=1.8118, lr=0.000734]
Epoch: [0]:   1%|1                  | 146/19545 [01:33<3:14:42,  1.66it/s, loss=1.8118, lr=0.000734]
Epoch: [0]:   1%|1                  | 146/19545 [01:33<3:14:42,  1.66it/s, loss=1.8051, lr=0.000739]
Epoch: [0]:   1%|1                  | 147/19545 [01:33<3:21:52,  1.60it/s, loss=1.8051, lr=0.000739]
Epoch: [0]:   1%|1                  | 147/19545 [01:34<3:21:52,  1.60it/s, loss=2.2018, lr=0.000744]
Epoch: [0]:   1%|1                  | 148/19545 [01:34<3:25:06,  1.58it/s, loss=2.2018, lr=0.000744]
Epoch: [0]:   1%|1                  | 148/19545 [01:35<3:25:06,  1.58it/s, loss=1.3535, lr=0.000749]
Epoch: [0]:   1%|1                  | 149/19545 [01:35<3:27:01,  1.56it/s, loss=1.3535, lr=0.000749]
Epoch: [0]:   1%|1                  | 149/19545 [01:35<3:27:01,  1.56it/s, loss=1.9147, lr=0.000754]
Epoch: [0]:   1%|1                  | 150/19545 [01:35<3:13:52,  1.67it/s, loss=1.9147, lr=0.000754]
Epoch: [0]:   1%|1                  | 150/19545 [01:36<3:13:52,  1.67it/s, loss=1.8651, lr=0.000759]
Epoch: [0]:   1%|1                  | 151/19545 [01:36<3:18:10,  1.63it/s, loss=1.8651, lr=0.000759]Epoch: [0]  [  150/19545]  eta: 3:26:16  lr: 0.000759  loss: 1.9147 (2.7423)  loss_classifier: 0.6495 (1.3449)  loss_box_reg: 0.5573 (0.5955)  loss_mask: 0.6435 (0.7300)  loss_objectness: 0.0135 (0.0214)  loss_rpn_box_reg: 0.0387 (0.0506)  time: 0.6199  data: 0.0002  max mem: 12238

Epoch: [0]:   1%|1                  | 151/19545 [01:36<3:18:10,  1.63it/s, loss=2.0445, lr=0.000764]
Epoch: [0]:   1%|1                  | 152/19545 [01:36<3:18:57,  1.62it/s, loss=2.0445, lr=0.000764]
Epoch: [0]:   1%|1                  | 152/19545 [01:37<3:18:57,  1.62it/s, loss=1.7551, lr=0.000769]
Epoch: [0]:   1%|1                  | 153/19545 [01:37<3:18:09,  1.63it/s, loss=1.7551, lr=0.000769]
Epoch: [0]:   1%|1                  | 153/19545 [01:38<3:18:09,  1.63it/s, loss=2.0378, lr=0.000774]
Epoch: [0]:   1%|1                  | 154/19545 [01:38<3:22:41,  1.59it/s, loss=2.0378, lr=0.000774]
Epoch: [0]:   1%|1                  | 154/19545 [01:38<3:22:41,  1.59it/s, loss=2.2654, lr=0.000779]
Epoch: [0]:   1%|1                  | 155/19545 [01:38<3:10:19,  1.70it/s, loss=2.2654, lr=0.000779]
Epoch: [0]:   1%|1                  | 155/19545 [01:39<3:10:19,  1.70it/s, loss=2.0834, lr=0.000784]
Epoch: [0]:   1%|1                  | 156/19545 [01:39<3:16:28,  1.64it/s, loss=2.0834, lr=0.000784]
Epoch: [0]:   1%|1                  | 156/19545 [01:39<3:16:28,  1.64it/s, loss=1.7690, lr=0.000789]
Epoch: [0]:   1%|1                  | 157/19545 [01:39<3:03:28,  1.76it/s, loss=1.7690, lr=0.000789]
Epoch: [0]:   1%|1                  | 157/19545 [01:40<3:03:28,  1.76it/s, loss=1.7713, lr=0.000794]
Epoch: [0]:   1%|1                  | 158/19545 [01:40<3:11:04,  1.69it/s, loss=1.7713, lr=0.000794]
Epoch: [0]:   1%|1                  | 158/19545 [01:41<3:11:04,  1.69it/s, loss=1.4002, lr=0.000799]
Epoch: [0]:   1%|1                  | 159/19545 [01:41<3:13:59,  1.67it/s, loss=1.4002, lr=0.000799]
Epoch: [0]:   1%|1                  | 159/19545 [01:41<3:13:59,  1.67it/s, loss=1.6871, lr=0.000804]
Epoch: [0]:   1%|1                  | 160/19545 [01:41<3:18:02,  1.63it/s, loss=1.6871, lr=0.000804]
Epoch: [0]:   1%|1                  | 160/19545 [01:42<3:18:02,  1.63it/s, loss=1.9075, lr=0.000809]
Epoch: [0]:   1%|1                  | 161/19545 [01:42<3:25:23,  1.57it/s, loss=1.9075, lr=0.000809]Epoch: [0]  [  160/19545]  eta: 3:25:38  lr: 0.000809  loss: 1.8651 (2.6883)  loss_classifier: 0.6440 (1.3005)  loss_box_reg: 0.5291 (0.5917)  loss_mask: 0.6230 (0.7234)  loss_objectness: 0.0157 (0.0211)  loss_rpn_box_reg: 0.0374 (0.0516)  time: 0.6108  data: 0.0002  max mem: 12238

Epoch: [0]:   1%|1                  | 161/19545 [01:43<3:25:23,  1.57it/s, loss=2.1447, lr=0.000814]
Epoch: [0]:   1%|1                  | 162/19545 [01:43<3:19:11,  1.62it/s, loss=2.1447, lr=0.000814]
Epoch: [0]:   1%|1                  | 162/19545 [01:43<3:19:11,  1.62it/s, loss=2.1248, lr=0.000819]
Epoch: [0]:   1%|1                  | 163/19545 [01:43<3:22:57,  1.59it/s, loss=2.1248, lr=0.000819]
Epoch: [0]:   1%|1                  | 163/19545 [01:44<3:22:57,  1.59it/s, loss=2.1357, lr=0.000824]
Epoch: [0]:   1%|1                  | 164/19545 [01:44<3:20:34,  1.61it/s, loss=2.1357, lr=0.000824]
Epoch: [0]:   1%|1                  | 164/19545 [01:44<3:20:34,  1.61it/s, loss=2.0994, lr=0.000829]
Epoch: [0]:   1%|1                  | 165/19545 [01:44<3:24:47,  1.58it/s, loss=2.0994, lr=0.000829]
Epoch: [0]:   1%|1                  | 165/19545 [01:45<3:24:47,  1.58it/s, loss=2.2536, lr=0.000834]
Epoch: [0]:   1%|1                  | 166/19545 [01:45<3:26:06,  1.57it/s, loss=2.2536, lr=0.000834]
Epoch: [0]:   1%|1                  | 166/19545 [01:46<3:26:06,  1.57it/s, loss=2.1029, lr=0.000839]
Epoch: [0]:   1%|1                  | 167/19545 [01:46<3:14:44,  1.66it/s, loss=2.1029, lr=0.000839]
Epoch: [0]:   1%|1                  | 167/19545 [01:46<3:14:44,  1.66it/s, loss=2.0230, lr=0.000844]
Epoch: [0]:   1%|1                  | 168/19545 [01:46<3:11:02,  1.69it/s, loss=2.0230, lr=0.000844]
Epoch: [0]:   1%|1                  | 168/19545 [01:47<3:11:02,  1.69it/s, loss=1.7951, lr=0.000849]
Epoch: [0]:   1%|1                  | 169/19545 [01:47<3:16:08,  1.65it/s, loss=1.7951, lr=0.000849]
Epoch: [0]:   1%|1                  | 169/19545 [01:47<3:16:08,  1.65it/s, loss=1.7316, lr=0.000854]
Epoch: [0]:   1%|1                  | 170/19545 [01:47<3:02:59,  1.76it/s, loss=1.7316, lr=0.000854]
Epoch: [0]:   1%|1                  | 170/19545 [01:48<3:02:59,  1.76it/s, loss=1.6523, lr=0.000859]
Epoch: [0]:   1%|1                  | 171/19545 [01:48<3:04:07,  1.75it/s, loss=1.6523, lr=0.000859]Epoch: [0]  [  170/19545]  eta: 3:24:41  lr: 0.000859  loss: 2.0230 (2.6484)  loss_classifier: 0.7031 (1.2672)  loss_box_reg: 0.5737 (0.5920)  loss_mask: 0.6277 (0.7175)  loss_objectness: 0.0133 (0.0207)  loss_rpn_box_reg: 0.0370 (0.0510)  time: 0.6018  data: 0.0002  max mem: 12238

Epoch: [0]:   1%|1                  | 171/19545 [01:49<3:04:07,  1.75it/s, loss=2.0760, lr=0.000864]
Epoch: [0]:   1%|1                  | 172/19545 [01:49<3:13:34,  1.67it/s, loss=2.0760, lr=0.000864]
Epoch: [0]:   1%|1                  | 172/19545 [01:49<3:13:34,  1.67it/s, loss=2.0177, lr=0.000869]
Epoch: [0]:   1%|1                  | 173/19545 [01:49<3:20:41,  1.61it/s, loss=2.0177, lr=0.000869]
Epoch: [0]:   1%|1                  | 173/19545 [01:50<3:20:41,  1.61it/s, loss=1.7943, lr=0.000874]
Epoch: [0]:   1%|1                  | 174/19545 [01:50<3:23:46,  1.58it/s, loss=1.7943, lr=0.000874]
Epoch: [0]:   1%|1                  | 174/19545 [01:51<3:23:46,  1.58it/s, loss=1.9657, lr=0.000879]
Epoch: [0]:   1%|1                  | 175/19545 [01:51<3:24:56,  1.58it/s, loss=1.9657, lr=0.000879]
Epoch: [0]:   1%|1                  | 175/19545 [01:51<3:24:56,  1.58it/s, loss=2.3028, lr=0.000884]
Epoch: [0]:   1%|1                  | 176/19545 [01:51<3:10:56,  1.69it/s, loss=2.3028, lr=0.000884]
Epoch: [0]:   1%|1                  | 176/19545 [01:52<3:10:56,  1.69it/s, loss=2.0280, lr=0.000889]
Epoch: [0]:   1%|1                  | 177/19545 [01:52<3:01:29,  1.78it/s, loss=2.0280, lr=0.000889]
Epoch: [0]:   1%|1                  | 177/19545 [01:52<3:01:29,  1.78it/s, loss=1.8232, lr=0.000894]
Epoch: [0]:   1%|1                  | 178/19545 [01:52<3:11:06,  1.69it/s, loss=1.8232, lr=0.000894]
Epoch: [0]:   1%|1                  | 178/19545 [01:53<3:11:06,  1.69it/s, loss=1.8472, lr=0.000899]
Epoch: [0]:   1%|1                  | 179/19545 [01:53<3:18:30,  1.63it/s, loss=1.8472, lr=0.000899]
Epoch: [0]:   1%|1                  | 179/19545 [01:53<3:18:30,  1.63it/s, loss=2.3666, lr=0.000904]
Epoch: [0]:   1%|1                  | 180/19545 [01:53<3:18:54,  1.62it/s, loss=2.3666, lr=0.000904]
Epoch: [0]:   1%|1                  | 180/19545 [01:54<3:18:54,  1.62it/s, loss=2.2129, lr=0.000909]
Epoch: [0]:   1%|1                  | 181/19545 [01:54<3:07:44,  1.72it/s, loss=2.2129, lr=0.000909]Epoch: [0]  [  180/19545]  eta: 3:24:06  lr: 0.000909  loss: 2.0280 (2.6150)  loss_classifier: 0.7509 (1.2390)  loss_box_reg: 0.6201 (0.5923)  loss_mask: 0.6277 (0.7128)  loss_objectness: 0.0134 (0.0205)  loss_rpn_box_reg: 0.0358 (0.0503)  time: 0.5997  data: 0.0002  max mem: 12238

Epoch: [0]:   1%|1                  | 181/19545 [01:55<3:07:44,  1.72it/s, loss=1.7128, lr=0.000914]
Epoch: [0]:   1%|1                  | 182/19545 [01:55<3:07:54,  1.72it/s, loss=1.7128, lr=0.000914]
Epoch: [0]:   1%|1                  | 182/19545 [01:55<3:07:54,  1.72it/s, loss=1.5640, lr=0.000919]
Epoch: [0]:   1%|1                  | 183/19545 [01:55<3:05:47,  1.74it/s, loss=1.5640, lr=0.000919]
Epoch: [0]:   1%|1                  | 183/19545 [01:56<3:05:47,  1.74it/s, loss=1.8183, lr=0.000924]
Epoch: [0]:   1%|1                  | 184/19545 [01:56<3:11:29,  1.69it/s, loss=1.8183, lr=0.000924]
Epoch: [0]:   1%|1                  | 184/19545 [01:56<3:11:29,  1.69it/s, loss=1.8282, lr=0.000929]
Epoch: [0]:   1%|1                  | 185/19545 [01:56<3:10:52,  1.69it/s, loss=1.8282, lr=0.000929]
Epoch: [0]:   1%|1                  | 185/19545 [01:57<3:10:52,  1.69it/s, loss=1.7452, lr=0.000934]
Epoch: [0]:   1%|1                  | 186/19545 [01:57<3:04:27,  1.75it/s, loss=1.7452, lr=0.000934]
Epoch: [0]:   1%|1                  | 186/19545 [01:58<3:04:27,  1.75it/s, loss=2.0197, lr=0.000939]
Epoch: [0]:   1%|1                  | 187/19545 [01:58<3:14:41,  1.66it/s, loss=2.0197, lr=0.000939]
Epoch: [0]:   1%|1                  | 187/19545 [01:58<3:14:41,  1.66it/s, loss=2.0210, lr=0.000944]
Epoch: [0]:   1%|1                  | 188/19545 [01:58<3:14:45,  1.66it/s, loss=2.0210, lr=0.000944]
Epoch: [0]:   1%|1                  | 188/19545 [01:59<3:14:45,  1.66it/s, loss=1.6964, lr=0.000949]
Epoch: [0]:   1%|1                  | 189/19545 [01:59<3:06:51,  1.73it/s, loss=1.6964, lr=0.000949]
Epoch: [0]:   1%|1                  | 189/19545 [01:59<3:06:51,  1.73it/s, loss=1.5593, lr=0.000954]
Epoch: [0]:   1%|1                  | 190/19545 [01:59<3:16:06,  1.64it/s, loss=1.5593, lr=0.000954]
Epoch: [0]:   1%|1                  | 190/19545 [02:00<3:16:06,  1.64it/s, loss=1.3116, lr=0.000959]
Epoch: [0]:   1%|1                  | 191/19545 [02:00<3:15:56,  1.65it/s, loss=1.3116, lr=0.000959]Epoch: [0]  [  190/19545]  eta: 3:23:25  lr: 0.000959  loss: 1.8282 (2.5685)  loss_classifier: 0.6431 (1.2046)  loss_box_reg: 0.5288 (0.5865)  loss_mask: 0.6083 (0.7070)  loss_objectness: 0.0173 (0.0206)  loss_rpn_box_reg: 0.0393 (0.0498)  time: 0.6023  data: 0.0002  max mem: 12238

Epoch: [0]:   1%|1                  | 191/19545 [02:01<3:15:56,  1.65it/s, loss=1.7825, lr=0.000964]
Epoch: [0]:   1%|1                  | 192/19545 [02:01<3:19:55,  1.61it/s, loss=1.7825, lr=0.000964]
Epoch: [0]:   1%|1                  | 192/19545 [02:01<3:19:55,  1.61it/s, loss=1.7815, lr=0.000969]
Epoch: [0]:   1%|1                  | 193/19545 [02:01<3:20:02,  1.61it/s, loss=1.7815, lr=0.000969]
Epoch: [0]:   1%|1                  | 193/19545 [02:02<3:20:02,  1.61it/s, loss=1.3021, lr=0.000974]
Epoch: [0]:   1%|1                  | 194/19545 [02:02<3:19:01,  1.62it/s, loss=1.3021, lr=0.000974]
Epoch: [0]:   1%|1                  | 194/19545 [02:02<3:19:01,  1.62it/s, loss=2.0332, lr=0.000979]
Epoch: [0]:   1%|1                  | 195/19545 [02:02<3:21:41,  1.60it/s, loss=2.0332, lr=0.000979]
Epoch: [0]:   1%|1                  | 195/19545 [02:03<3:21:41,  1.60it/s, loss=1.7014, lr=0.000984]
Epoch: [0]:   1%|1                  | 196/19545 [02:03<3:27:58,  1.55it/s, loss=1.7014, lr=0.000984]
Epoch: [0]:   1%|1                  | 196/19545 [02:04<3:27:58,  1.55it/s, loss=1.9828, lr=0.000989]
Epoch: [0]:   1%|1                  | 197/19545 [02:04<3:14:45,  1.66it/s, loss=1.9828, lr=0.000989]
Epoch: [0]:   1%|1                  | 197/19545 [02:04<3:14:45,  1.66it/s, loss=2.0937, lr=0.000994]
Epoch: [0]:   1%|1                  | 198/19545 [02:04<3:14:22,  1.66it/s, loss=2.0937, lr=0.000994]
Epoch: [0]:   1%|1                  | 198/19545 [02:05<3:14:22,  1.66it/s, loss=2.0230, lr=0.000999]
Epoch: [0]:   1%|1                  | 199/19545 [02:05<3:20:12,  1.61it/s, loss=2.0230, lr=0.000999]
Epoch: [0]:   1%|1                  | 199/19545 [02:06<3:20:12,  1.61it/s, loss=1.6191, lr=0.001004]
Epoch: [0]:   1%|1                  | 200/19545 [02:06<3:14:01,  1.66it/s, loss=1.6191, lr=0.001004]
Epoch: [0]:   1%|1                  | 200/19545 [02:06<3:14:01,  1.66it/s, loss=2.4164, lr=0.001009]
Epoch: [0]:   1%|1                  | 201/19545 [02:06<3:14:36,  1.66it/s, loss=2.4164, lr=0.001009]Epoch: [0]  [  200/19545]  eta: 3:23:03  lr: 0.001009  loss: 1.7815 (2.5339)  loss_classifier: 0.6044 (1.1767)  loss_box_reg: 0.5016 (0.5839)  loss_mask: 0.6084 (0.7024)  loss_objectness: 0.0199 (0.0208)  loss_rpn_box_reg: 0.0393 (0.0502)  time: 0.6063  data: 0.0002  max mem: 12238

Epoch: [0]:   1%|1                  | 201/19545 [02:07<3:14:36,  1.66it/s, loss=2.0808, lr=0.001014]
Epoch: [0]:   1%|1                  | 202/19545 [02:07<3:04:46,  1.74it/s, loss=2.0808, lr=0.001014]
Epoch: [0]:   1%|1                  | 202/19545 [02:07<3:04:46,  1.74it/s, loss=1.9775, lr=0.001019]
Epoch: [0]:   1%|1                  | 203/19545 [02:07<3:10:05,  1.70it/s, loss=1.9775, lr=0.001019]
Epoch: [0]:   1%|1                  | 203/19545 [02:08<3:10:05,  1.70it/s, loss=1.9180, lr=0.001024]
Epoch: [0]:   1%|1                  | 204/19545 [02:08<3:15:36,  1.65it/s, loss=1.9180, lr=0.001024]
Epoch: [0]:   1%|1                  | 204/19545 [02:09<3:15:36,  1.65it/s, loss=2.0654, lr=0.001029]
Epoch: [0]:   1%|1                  | 205/19545 [02:09<3:23:23,  1.58it/s, loss=2.0654, lr=0.001029]
Epoch: [0]:   1%|1                  | 205/19545 [02:09<3:23:23,  1.58it/s, loss=1.8950, lr=0.001034]
Epoch: [0]:   1%|2                  | 206/19545 [02:09<3:19:52,  1.61it/s, loss=1.8950, lr=0.001034]
Epoch: [0]:   1%|2                  | 206/19545 [02:10<3:19:52,  1.61it/s, loss=2.4122, lr=0.001039]
Epoch: [0]:   1%|2                  | 207/19545 [02:10<3:14:50,  1.65it/s, loss=2.4122, lr=0.001039]
Epoch: [0]:   1%|2                  | 207/19545 [02:10<3:14:50,  1.65it/s, loss=1.6796, lr=0.001044]
Epoch: [0]:   1%|2                  | 208/19545 [02:10<3:03:16,  1.76it/s, loss=1.6796, lr=0.001044]
Epoch: [0]:   1%|2                  | 208/19545 [02:11<3:03:16,  1.76it/s, loss=1.7635, lr=0.001049]
Epoch: [0]:   1%|2                  | 209/19545 [02:11<3:11:16,  1.68it/s, loss=1.7635, lr=0.001049]
Epoch: [0]:   1%|2                  | 209/19545 [02:11<3:11:16,  1.68it/s, loss=1.5889, lr=0.001054]
Epoch: [0]:   1%|2                  | 210/19545 [02:11<3:00:30,  1.79it/s, loss=1.5889, lr=0.001054]
Epoch: [0]:   1%|2                  | 210/19545 [02:12<3:00:30,  1.79it/s, loss=1.9386, lr=0.001059]
Epoch: [0]:   1%|2                  | 211/19545 [02:12<3:03:57,  1.75it/s, loss=1.9386, lr=0.001059]Epoch: [0]  [  210/19545]  eta: 3:22:15  lr: 0.001059  loss: 1.9180 (2.5054)  loss_classifier: 0.6698 (1.1534)  loss_box_reg: 0.5575 (0.5837)  loss_mask: 0.6064 (0.6974)  loss_objectness: 0.0147 (0.0207)  loss_rpn_box_reg: 0.0438 (0.0502)  time: 0.5996  data: 0.0002  max mem: 12238

Epoch: [0]:   1%|2                  | 211/19545 [02:13<3:03:57,  1.75it/s, loss=1.7691, lr=0.001064]
Epoch: [0]:   1%|2                  | 212/19545 [02:13<3:15:40,  1.65it/s, loss=1.7691, lr=0.001064]
Epoch: [0]:   1%|2                  | 212/19545 [02:13<3:15:40,  1.65it/s, loss=1.4709, lr=0.001069]
Epoch: [0]:   1%|2                  | 213/19545 [02:13<3:19:47,  1.61it/s, loss=1.4709, lr=0.001069]
Epoch: [0]:   1%|2                  | 213/19545 [02:14<3:19:47,  1.61it/s, loss=1.7923, lr=0.001074]
Epoch: [0]:   1%|2                  | 214/19545 [02:14<3:28:10,  1.55it/s, loss=1.7923, lr=0.001074]
Epoch: [0]:   1%|2                  | 214/19545 [02:15<3:28:10,  1.55it/s, loss=1.5973, lr=0.001079]
Epoch: [0]:   1%|2                  | 215/19545 [02:15<3:20:21,  1.61it/s, loss=1.5973, lr=0.001079]
Epoch: [0]:   1%|2                  | 215/19545 [02:15<3:20:21,  1.61it/s, loss=1.6725, lr=0.001084]
Epoch: [0]:   1%|2                  | 216/19545 [02:15<3:20:39,  1.61it/s, loss=1.6725, lr=0.001084]
Epoch: [0]:   1%|2                  | 216/19545 [02:16<3:20:39,  1.61it/s, loss=1.4515, lr=0.001089]
Epoch: [0]:   1%|2                  | 217/19545 [02:16<3:22:38,  1.59it/s, loss=1.4515, lr=0.001089]
Epoch: [0]:   1%|2                  | 217/19545 [02:16<3:22:38,  1.59it/s, loss=1.7331, lr=0.001094]
Epoch: [0]:   1%|2                  | 218/19545 [02:16<3:20:49,  1.60it/s, loss=1.7331, lr=0.001094]
Epoch: [0]:   1%|2                  | 218/19545 [02:17<3:20:49,  1.60it/s, loss=2.0605, lr=0.001099]
Epoch: [0]:   1%|2                  | 219/19545 [02:17<3:10:12,  1.69it/s, loss=2.0605, lr=0.001099]
Epoch: [0]:   1%|2                  | 219/19545 [02:18<3:10:12,  1.69it/s, loss=1.8655, lr=0.001104]
Epoch: [0]:   1%|2                  | 220/19545 [02:18<3:09:50,  1.70it/s, loss=1.8655, lr=0.001104]
Epoch: [0]:   1%|2                  | 220/19545 [02:18<3:09:50,  1.70it/s, loss=2.0183, lr=0.001109]
Epoch: [0]:   1%|2                  | 221/19545 [02:18<3:07:45,  1.72it/s, loss=2.0183, lr=0.001109]Epoch: [0]  [  220/19545]  eta: 3:21:59  lr: 0.001109  loss: 1.7923 (2.4709)  loss_classifier: 0.6290 (1.1277)  loss_box_reg: 0.5405 (0.5798)  loss_mask: 0.5892 (0.6926)  loss_objectness: 0.0159 (0.0208)  loss_rpn_box_reg: 0.0438 (0.0501)  time: 0.6001  data: 0.0002  max mem: 12238

Epoch: [0]:   1%|2                  | 221/19545 [02:19<3:07:45,  1.72it/s, loss=1.7826, lr=0.001114]
Epoch: [0]:   1%|2                  | 222/19545 [02:19<3:13:39,  1.66it/s, loss=1.7826, lr=0.001114]
Epoch: [0]:   1%|2                  | 222/19545 [02:19<3:13:39,  1.66it/s, loss=1.9408, lr=0.001119]
Epoch: [0]:   1%|2                  | 223/19545 [02:19<3:05:19,  1.74it/s, loss=1.9408, lr=0.001119]
Epoch: [0]:   1%|2                  | 223/19545 [02:20<3:05:19,  1.74it/s, loss=1.7949, lr=0.001124]
Epoch: [0]:   1%|2                  | 224/19545 [02:20<3:15:27,  1.65it/s, loss=1.7949, lr=0.001124]
Epoch: [0]:   1%|2                  | 224/19545 [02:21<3:15:27,  1.65it/s, loss=1.5752, lr=0.001129]
Epoch: [0]:   1%|2                  | 225/19545 [02:21<3:19:04,  1.62it/s, loss=1.5752, lr=0.001129]
Epoch: [0]:   1%|2                  | 225/19545 [02:21<3:19:04,  1.62it/s, loss=2.0733, lr=0.001134]
Epoch: [0]:   1%|2                  | 226/19545 [02:21<3:14:57,  1.65it/s, loss=2.0733, lr=0.001134]
Epoch: [0]:   1%|2                  | 226/19545 [02:22<3:14:57,  1.65it/s, loss=1.9551, lr=0.001139]
Epoch: [0]:   1%|2                  | 227/19545 [02:22<3:18:40,  1.62it/s, loss=1.9551, lr=0.001139]
Epoch: [0]:   1%|2                  | 227/19545 [02:22<3:18:40,  1.62it/s, loss=1.6877, lr=0.001144]
Epoch: [0]:   1%|2                  | 228/19545 [02:22<3:18:37,  1.62it/s, loss=1.6877, lr=0.001144]
Epoch: [0]:   1%|2                  | 228/19545 [02:23<3:18:37,  1.62it/s, loss=1.6702, lr=0.001149]
Epoch: [0]:   1%|2                  | 229/19545 [02:23<3:21:13,  1.60it/s, loss=1.6702, lr=0.001149]
Epoch: [0]:   1%|2                  | 229/19545 [02:24<3:21:13,  1.60it/s, loss=1.7816, lr=0.001154]
Epoch: [0]:   1%|2                  | 230/19545 [02:24<3:18:08,  1.62it/s, loss=1.7816, lr=0.001154]
Epoch: [0]:   1%|2                  | 230/19545 [02:24<3:18:08,  1.62it/s, loss=2.2097, lr=0.001159]
Epoch: [0]:   1%|2                  | 231/19545 [02:24<3:21:23,  1.60it/s, loss=2.2097, lr=0.001159]Epoch: [0]  [  230/19545]  eta: 3:21:47  lr: 0.001159  loss: 1.7816 (2.4439)  loss_classifier: 0.6023 (1.1067)  loss_box_reg: 0.5077 (0.5782)  loss_mask: 0.5886 (0.6880)  loss_objectness: 0.0194 (0.0208)  loss_rpn_box_reg: 0.0486 (0.0503)  time: 0.6183  data: 0.0002  max mem: 12238

Epoch: [0]:   1%|2                  | 231/19545 [02:25<3:21:23,  1.60it/s, loss=1.6739, lr=0.001164]
Epoch: [0]:   1%|2                  | 232/19545 [02:25<3:25:52,  1.56it/s, loss=1.6739, lr=0.001164]
Epoch: [0]:   1%|2                  | 232/19545 [02:26<3:25:52,  1.56it/s, loss=1.9170, lr=0.001169]
Epoch: [0]:   1%|2                  | 233/19545 [02:26<3:20:27,  1.61it/s, loss=1.9170, lr=0.001169]
Epoch: [0]:   1%|2                  | 233/19545 [02:26<3:20:27,  1.61it/s, loss=1.5575, lr=0.001174]
Epoch: [0]:   1%|2                  | 234/19545 [02:26<3:18:58,  1.62it/s, loss=1.5575, lr=0.001174]
Epoch: [0]:   1%|2                  | 234/19545 [02:27<3:18:58,  1.62it/s, loss=1.7082, lr=0.001179]
Epoch: [0]:   1%|2                  | 235/19545 [02:27<3:20:51,  1.60it/s, loss=1.7082, lr=0.001179]
Epoch: [0]:   1%|2                  | 235/19545 [02:27<3:20:51,  1.60it/s, loss=1.4494, lr=0.001184]
Epoch: [0]:   1%|2                  | 236/19545 [02:27<3:21:00,  1.60it/s, loss=1.4494, lr=0.001184]
Epoch: [0]:   1%|2                  | 236/19545 [02:28<3:21:00,  1.60it/s, loss=2.1956, lr=0.001189]
Epoch: [0]:   1%|2                  | 237/19545 [02:28<3:19:04,  1.62it/s, loss=2.1956, lr=0.001189]
Epoch: [0]:   1%|2                  | 237/19545 [02:29<3:19:04,  1.62it/s, loss=1.4480, lr=0.001194]
Epoch: [0]:   1%|2                  | 238/19545 [02:29<3:22:42,  1.59it/s, loss=1.4480, lr=0.001194]
Epoch: [0]:   1%|2                  | 238/19545 [02:29<3:22:42,  1.59it/s, loss=1.9341, lr=0.001199]
Epoch: [0]:   1%|2                  | 239/19545 [02:29<3:09:28,  1.70it/s, loss=1.9341, lr=0.001199]
Epoch: [0]:   1%|2                  | 239/19545 [02:30<3:09:28,  1.70it/s, loss=1.9308, lr=0.001204]
Epoch: [0]:   1%|2                  | 240/19545 [02:30<3:17:34,  1.63it/s, loss=1.9308, lr=0.001204]
Epoch: [0]:   1%|2                  | 240/19545 [02:31<3:17:34,  1.63it/s, loss=1.6282, lr=0.001209]
Epoch: [0]:   1%|2                  | 241/19545 [02:31<3:20:58,  1.60it/s, loss=1.6282, lr=0.001209]Epoch: [0]  [  240/19545]  eta: 3:21:35  lr: 0.001209  loss: 1.7816 (2.4149)  loss_classifier: 0.5905 (1.0855)  loss_box_reg: 0.5051 (0.5750)  loss_mask: 0.5869 (0.6840)  loss_objectness: 0.0170 (0.0207)  loss_rpn_box_reg: 0.0421 (0.0497)  time: 0.6204  data: 0.0002  max mem: 12238

Epoch: [0]:   1%|2                  | 241/19545 [02:31<3:20:58,  1.60it/s, loss=1.5498, lr=0.001214]
Epoch: [0]:   1%|2                  | 242/19545 [02:31<3:21:42,  1.59it/s, loss=1.5498, lr=0.001214]
Epoch: [0]:   1%|2                  | 242/19545 [02:32<3:21:42,  1.59it/s, loss=1.4388, lr=0.001219]
Epoch: [0]:   1%|2                  | 243/19545 [02:32<3:25:11,  1.57it/s, loss=1.4388, lr=0.001219]
Epoch: [0]:   1%|2                  | 243/19545 [02:32<3:25:11,  1.57it/s, loss=1.4701, lr=0.001224]
Epoch: [0]:   1%|2                  | 244/19545 [02:32<3:09:09,  1.70it/s, loss=1.4701, lr=0.001224]
Epoch: [0]:   1%|2                  | 244/19545 [02:33<3:09:09,  1.70it/s, loss=1.6568, lr=0.001229]
Epoch: [0]:   1%|2                  | 245/19545 [02:33<3:13:54,  1.66it/s, loss=1.6568, lr=0.001229]
Epoch: [0]:   1%|2                  | 245/19545 [02:33<3:13:54,  1.66it/s, loss=2.3229, lr=0.001234]
Epoch: [0]:   1%|2                  | 246/19545 [02:33<3:06:08,  1.73it/s, loss=2.3229, lr=0.001234]
Epoch: [0]:   1%|2                  | 246/19545 [02:34<3:06:08,  1.73it/s, loss=1.6599, lr=0.001239]
Epoch: [0]:   1%|2                  | 247/19545 [02:34<3:07:56,  1.71it/s, loss=1.6599, lr=0.001239]
Epoch: [0]:   1%|2                  | 247/19545 [02:35<3:07:56,  1.71it/s, loss=1.7076, lr=0.001244]
Epoch: [0]:   1%|2                  | 248/19545 [02:35<3:04:44,  1.74it/s, loss=1.7076, lr=0.001244]
Epoch: [0]:   1%|2                  | 248/19545 [02:35<3:04:44,  1.74it/s, loss=1.6720, lr=0.001249]
Epoch: [0]:   1%|2                  | 249/19545 [02:35<3:06:24,  1.73it/s, loss=1.6720, lr=0.001249]
Epoch: [0]:   1%|2                  | 249/19545 [02:36<3:06:24,  1.73it/s, loss=1.6637, lr=0.001254]
Epoch: [0]:   1%|2                  | 250/19545 [02:36<3:04:44,  1.74it/s, loss=1.6637, lr=0.001254]
Epoch: [0]:   1%|2                  | 250/19545 [02:36<3:04:44,  1.74it/s, loss=1.7678, lr=0.001259]
Epoch: [0]:   1%|2                  | 251/19545 [02:36<2:56:43,  1.82it/s, loss=1.7678, lr=0.001259]Epoch: [0]  [  250/19545]  eta: 3:20:47  lr: 0.001259  loss: 1.6637 (2.3860)  loss_classifier: 0.5515 (1.0646)  loss_box_reg: 0.4684 (0.5718)  loss_mask: 0.5848 (0.6797)  loss_objectness: 0.0181 (0.0206)  loss_rpn_box_reg: 0.0263 (0.0493)  time: 0.5961  data: 0.0002  max mem: 12238

Epoch: [0]:   1%|2                  | 251/19545 [02:37<2:56:43,  1.82it/s, loss=1.5166, lr=0.001264]
Epoch: [0]:   1%|2                  | 252/19545 [02:37<3:05:33,  1.73it/s, loss=1.5166, lr=0.001264]
Epoch: [0]:   1%|2                  | 252/19545 [02:38<3:05:33,  1.73it/s, loss=1.2540, lr=0.001269]
Epoch: [0]:   1%|2                  | 253/19545 [02:38<3:10:49,  1.68it/s, loss=1.2540, lr=0.001269]
Epoch: [0]:   1%|2                  | 253/19545 [02:38<3:10:49,  1.68it/s, loss=1.8533, lr=0.001274]
Epoch: [0]:   1%|2                  | 254/19545 [02:38<3:01:11,  1.77it/s, loss=1.8533, lr=0.001274]
Epoch: [0]:   1%|2                  | 254/19545 [02:39<3:01:11,  1.77it/s, loss=1.7163, lr=0.001279]
Epoch: [0]:   1%|2                  | 255/19545 [02:39<3:03:10,  1.76it/s, loss=1.7163, lr=0.001279]
Epoch: [0]:   1%|2                  | 255/19545 [02:39<3:03:10,  1.76it/s, loss=1.6976, lr=0.001284]
Epoch: [0]:   1%|2                  | 256/19545 [02:39<3:14:36,  1.65it/s, loss=1.6976, lr=0.001284]
Epoch: [0]:   1%|2                  | 256/19545 [02:40<3:14:36,  1.65it/s, loss=1.3636, lr=0.001289]
Epoch: [0]:   1%|2                  | 257/19545 [02:40<3:14:26,  1.65it/s, loss=1.3636, lr=0.001289]
Epoch: [0]:   1%|2                  | 257/19545 [02:41<3:14:26,  1.65it/s, loss=1.3996, lr=0.001294]
Epoch: [0]:   1%|2                  | 258/19545 [02:41<3:15:53,  1.64it/s, loss=1.3996, lr=0.001294]
Epoch: [0]:   1%|2                  | 258/19545 [02:41<3:15:53,  1.64it/s, loss=1.6684, lr=0.001299]
Epoch: [0]:   1%|2                  | 259/19545 [02:41<3:01:53,  1.77it/s, loss=1.6684, lr=0.001299]
Epoch: [0]:   1%|2                  | 259/19545 [02:42<3:01:53,  1.77it/s, loss=1.8378, lr=0.001304]
Epoch: [0]:   1%|2                  | 260/19545 [02:42<3:09:52,  1.69it/s, loss=1.8378, lr=0.001304]
Epoch: [0]:   1%|2                  | 260/19545 [02:42<3:09:52,  1.69it/s, loss=1.1908, lr=0.001309]
Epoch: [0]:   1%|2                  | 261/19545 [02:42<3:13:27,  1.66it/s, loss=1.1908, lr=0.001309]Epoch: [0]  [  260/19545]  eta: 3:20:23  lr: 0.001309  loss: 1.6599 (2.3540)  loss_classifier: 0.5250 (1.0430)  loss_box_reg: 0.4575 (0.5674)  loss_mask: 0.5562 (0.6738)  loss_objectness: 0.0172 (0.0208)  loss_rpn_box_reg: 0.0331 (0.0490)  time: 0.5861  data: 0.0002  max mem: 12238

Epoch: [0]:   1%|2                  | 261/19545 [02:43<3:13:27,  1.66it/s, loss=1.6652, lr=0.001314]
Epoch: [0]:   1%|2                  | 262/19545 [02:43<3:16:51,  1.63it/s, loss=1.6652, lr=0.001314]
Epoch: [0]:   1%|2                  | 262/19545 [02:44<3:16:51,  1.63it/s, loss=1.9347, lr=0.001319]
Epoch: [0]:   1%|2                  | 263/19545 [02:44<3:25:02,  1.57it/s, loss=1.9347, lr=0.001319]
Epoch: [0]:   1%|2                  | 263/19545 [02:44<3:25:02,  1.57it/s, loss=1.8679, lr=0.001324]
Epoch: [0]:   1%|2                  | 264/19545 [02:44<3:19:04,  1.61it/s, loss=1.8679, lr=0.001324]
Epoch: [0]:   1%|2                  | 264/19545 [02:45<3:19:04,  1.61it/s, loss=1.5467, lr=0.001329]
Epoch: [0]:   1%|2                  | 265/19545 [02:45<3:21:46,  1.59it/s, loss=1.5467, lr=0.001329]
Epoch: [0]:   1%|2                  | 265/19545 [02:45<3:21:46,  1.59it/s, loss=1.4735, lr=0.001334]
Epoch: [0]:   1%|2                  | 266/19545 [02:45<3:20:47,  1.60it/s, loss=1.4735, lr=0.001334]
Epoch: [0]:   1%|2                  | 266/19545 [02:46<3:20:47,  1.60it/s, loss=1.6442, lr=0.001339]
Epoch: [0]:   1%|2                  | 267/19545 [02:46<3:19:56,  1.61it/s, loss=1.6442, lr=0.001339]
Epoch: [0]:   1%|2                  | 267/19545 [02:47<3:19:56,  1.61it/s, loss=1.1174, lr=0.001344]
Epoch: [0]:   1%|2                  | 268/19545 [02:47<3:20:40,  1.60it/s, loss=1.1174, lr=0.001344]
Epoch: [0]:   1%|2                  | 268/19545 [02:47<3:20:40,  1.60it/s, loss=1.4438, lr=0.001349]
Epoch: [0]:   1%|2                  | 269/19545 [02:47<3:22:36,  1.59it/s, loss=1.4438, lr=0.001349]
Epoch: [0]:   1%|2                  | 269/19545 [02:48<3:22:36,  1.59it/s, loss=1.7545, lr=0.001354]
Epoch: [0]:   1%|2                  | 270/19545 [02:48<3:24:36,  1.57it/s, loss=1.7545, lr=0.001354]
Epoch: [0]:   1%|2                  | 270/19545 [02:49<3:24:36,  1.57it/s, loss=1.6793, lr=0.001359]
Epoch: [0]:   1%|2                  | 271/19545 [02:49<3:25:44,  1.56it/s, loss=1.6793, lr=0.001359]Epoch: [0]  [  270/19545]  eta: 3:20:26  lr: 0.001359  loss: 1.6442 (2.3266)  loss_classifier: 0.5147 (1.0241)  loss_box_reg: 0.4629 (0.5643)  loss_mask: 0.5386 (0.6689)  loss_objectness: 0.0172 (0.0207)  loss_rpn_box_reg: 0.0339 (0.0486)  time: 0.6185  data: 0.0002  max mem: 12238

Epoch: [0]:   1%|2                  | 271/19545 [02:49<3:25:44,  1.56it/s, loss=1.5588, lr=0.001364]
Epoch: [0]:   1%|2                  | 272/19545 [02:49<3:24:36,  1.57it/s, loss=1.5588, lr=0.001364]
Epoch: [0]:   1%|2                  | 272/19545 [02:50<3:24:36,  1.57it/s, loss=1.6287, lr=0.001369]
Epoch: [0]:   1%|2                  | 273/19545 [02:50<3:24:26,  1.57it/s, loss=1.6287, lr=0.001369]
Epoch: [0]:   1%|2                  | 273/19545 [02:51<3:24:26,  1.57it/s, loss=1.7084, lr=0.001374]
Epoch: [0]:   1%|2                  | 274/19545 [02:51<3:25:21,  1.56it/s, loss=1.7084, lr=0.001374]
Epoch: [0]:   1%|2                  | 274/19545 [02:51<3:25:21,  1.56it/s, loss=1.4720, lr=0.001379]
Epoch: [0]:   1%|2                  | 275/19545 [02:51<3:27:51,  1.55it/s, loss=1.4720, lr=0.001379]
Epoch: [0]:   1%|2                  | 275/19545 [02:52<3:27:51,  1.55it/s, loss=1.5952, lr=0.001384]
Epoch: [0]:   1%|2                  | 276/19545 [02:52<3:17:06,  1.63it/s, loss=1.5952, lr=0.001384]
Epoch: [0]:   1%|2                  | 276/19545 [02:52<3:17:06,  1.63it/s, loss=1.5513, lr=0.001389]
Epoch: [0]:   1%|2                  | 277/19545 [02:52<3:21:22,  1.59it/s, loss=1.5513, lr=0.001389]
Epoch: [0]:   1%|2                  | 277/19545 [02:53<3:21:22,  1.59it/s, loss=1.2116, lr=0.001394]
Epoch: [0]:   1%|2                  | 278/19545 [02:53<3:20:57,  1.60it/s, loss=1.2116, lr=0.001394]
Epoch: [0]:   1%|2                  | 278/19545 [02:54<3:20:57,  1.60it/s, loss=1.8080, lr=0.001399]
Epoch: [0]:   1%|2                  | 279/19545 [02:54<3:24:54,  1.57it/s, loss=1.8080, lr=0.001399]
Epoch: [0]:   1%|2                  | 279/19545 [02:54<3:24:54,  1.57it/s, loss=1.3150, lr=0.001404]
Epoch: [0]:   1%|2                  | 280/19545 [02:54<3:26:42,  1.55it/s, loss=1.3150, lr=0.001404]
Epoch: [0]:   1%|2                  | 280/19545 [02:55<3:26:42,  1.55it/s, loss=1.8398, lr=0.001409]
Epoch: [0]:   1%|2                  | 281/19545 [02:55<3:23:21,  1.58it/s, loss=1.8398, lr=0.001409]Epoch: [0]  [  280/19545]  eta: 3:20:26  lr: 0.001409  loss: 1.5952 (2.2997)  loss_classifier: 0.5286 (1.0050)  loss_box_reg: 0.4803 (0.5611)  loss_mask: 0.5386 (0.6645)  loss_objectness: 0.0158 (0.0207)  loss_rpn_box_reg: 0.0349 (0.0484)  time: 0.6346  data: 0.0002  max mem: 12238

Epoch: [0]:   1%|2                  | 281/19545 [02:56<3:23:21,  1.58it/s, loss=1.2499, lr=0.001414]
Epoch: [0]:   1%|2                  | 282/19545 [02:56<3:22:04,  1.59it/s, loss=1.2499, lr=0.001414]
Epoch: [0]:   1%|2                  | 282/19545 [02:56<3:22:04,  1.59it/s, loss=1.2809, lr=0.001419]
Epoch: [0]:   1%|2                  | 283/19545 [02:56<3:15:35,  1.64it/s, loss=1.2809, lr=0.001419]
Epoch: [0]:   1%|2                  | 283/19545 [02:57<3:15:35,  1.64it/s, loss=1.6376, lr=0.001424]
Epoch: [0]:   1%|2                  | 284/19545 [02:57<3:02:16,  1.76it/s, loss=1.6376, lr=0.001424]
Epoch: [0]:   1%|2                  | 284/19545 [02:57<3:02:16,  1.76it/s, loss=1.3595, lr=0.001429]
Epoch: [0]:   1%|2                  | 285/19545 [02:57<2:57:48,  1.81it/s, loss=1.3595, lr=0.001429]
Epoch: [0]:   1%|2                  | 285/19545 [02:58<2:57:48,  1.81it/s, loss=1.8753, lr=0.001434]
Epoch: [0]:   1%|2                  | 286/19545 [02:58<3:04:51,  1.74it/s, loss=1.8753, lr=0.001434]
Epoch: [0]:   1%|2                  | 286/19545 [02:58<3:04:51,  1.74it/s, loss=1.8238, lr=0.001439]
Epoch: [0]:   1%|2                  | 287/19545 [02:58<2:56:14,  1.82it/s, loss=1.8238, lr=0.001439]
Epoch: [0]:   1%|2                  | 287/19545 [02:59<2:56:14,  1.82it/s, loss=1.8890, lr=0.001444]
Epoch: [0]:   1%|2                  | 288/19545 [02:59<2:53:14,  1.85it/s, loss=1.8890, lr=0.001444]
Epoch: [0]:   1%|2                  | 288/19545 [02:59<2:53:14,  1.85it/s, loss=1.5721, lr=0.001449]
Epoch: [0]:   1%|2                  | 289/19545 [02:59<2:51:14,  1.87it/s, loss=1.5721, lr=0.001449]
Epoch: [0]:   1%|2                  | 289/19545 [03:00<2:51:14,  1.87it/s, loss=1.6259, lr=0.001454]
Epoch: [0]:   1%|2                  | 290/19545 [03:00<3:02:19,  1.76it/s, loss=1.6259, lr=0.001454]
Epoch: [0]:   1%|2                  | 290/19545 [03:01<3:02:19,  1.76it/s, loss=1.5522, lr=0.001459]
Epoch: [0]:   1%|2                  | 291/19545 [03:01<3:05:07,  1.73it/s, loss=1.5522, lr=0.001459]Epoch: [0]  [  290/19545]  eta: 3:19:35  lr: 0.001459  loss: 1.5721 (2.2752)  loss_classifier: 0.5203 (0.9878)  loss_box_reg: 0.4813 (0.5587)  loss_mask: 0.5363 (0.6599)  loss_objectness: 0.0158 (0.0205)  loss_rpn_box_reg: 0.0365 (0.0483)  time: 0.5948  data: 0.0002  max mem: 12238

Epoch: [0]:   1%|2                  | 291/19545 [03:01<3:05:07,  1.73it/s, loss=2.1467, lr=0.001464]
Epoch: [0]:   1%|2                  | 292/19545 [03:01<3:15:34,  1.64it/s, loss=2.1467, lr=0.001464]
Epoch: [0]:   1%|2                  | 292/19545 [03:02<3:15:34,  1.64it/s, loss=1.4008, lr=0.001469]
Epoch: [0]:   1%|2                  | 293/19545 [03:02<3:13:35,  1.66it/s, loss=1.4008, lr=0.001469]
Epoch: [0]:   1%|2                  | 293/19545 [03:02<3:13:35,  1.66it/s, loss=1.3976, lr=0.001474]
Epoch: [0]:   2%|2                  | 294/19545 [03:02<3:17:13,  1.63it/s, loss=1.3976, lr=0.001474]
Epoch: [0]:   2%|2                  | 294/19545 [03:03<3:17:13,  1.63it/s, loss=1.7257, lr=0.001479]
Epoch: [0]:   2%|2                  | 295/19545 [03:03<3:06:14,  1.72it/s, loss=1.7257, lr=0.001479]
Epoch: [0]:   2%|2                  | 295/19545 [03:04<3:06:14,  1.72it/s, loss=1.3538, lr=0.001484]
Epoch: [0]:   2%|2                  | 296/19545 [03:04<3:06:46,  1.72it/s, loss=1.3538, lr=0.001484]
Epoch: [0]:   2%|2                  | 296/19545 [03:04<3:06:46,  1.72it/s, loss=0.9386, lr=0.001489]
Epoch: [0]:   2%|2                  | 297/19545 [03:04<3:05:19,  1.73it/s, loss=0.9386, lr=0.001489]
Epoch: [0]:   2%|2                  | 297/19545 [03:05<3:05:19,  1.73it/s, loss=1.6510, lr=0.001494]
Epoch: [0]:   2%|2                  | 298/19545 [03:05<3:12:55,  1.66it/s, loss=1.6510, lr=0.001494]
Epoch: [0]:   2%|2                  | 298/19545 [03:05<3:19:57,  1.60it/s, loss=1.6510, lr=0.001494]
Traceback (most recent call last):
  File "/home/lishengjie/study/sum_jiahao/bupt_summer/mask-r-cnn/torchvision/train.py", line 316, in <module>
    main(args)
  File "/home/lishengjie/study/sum_jiahao/bupt_summer/mask-r-cnn/torchvision/train.py", line 263, in main
    train_one_epoch(
  File "/home/lishengjie/study/sum_jiahao/bupt_summer/mask-r-cnn/torchvision/engine.py", line 98, in train_one_epoch
    metric_logger.update(loss=losses_reduced, **loss_dict_reduced)
  File "/home/lishengjie/study/sum_jiahao/bupt_summer/mask-r-cnn/torchvision/utils.py", line 139, in update
    v = v.item()
KeyboardInterrupt
